PAPI_TOT_CYC 4604520076777
PAPI_TOT_IIS 7524436017933
PAPI_TOT_INS 5933336717745
RS_UOPS_DISPATCHED 8182550816344
INST_RETIRED:LOADS 1380855197734
INST_RETIRED:STORES 252608918874
PAPI_FP_OPS 1263035366859
BR_CALL_EXEC 17732394688
PAPI_BR_INS 1069385359004
PAPI_BR_MSP 31133576836
PAPI_L1_ICA 4609055785530
PAPI_TLB_IM 319113
PAPI_L1_DCA 2006636474554
PAPI_TLB_DM 47424680733
PAPI_L1_DCM 173820636323
PAPI_L1_ICM 107362744
PAPI_L2_DCM 5255581637
PAPI_L2_DCA 172705867893
PAPI_L2_ICA 243266462
PAPI_L2_ICM 10663596
